
*** Running vivado
    with args -log clk_wizard.vds -m64 -product Vivado -mode batch -messageDb vivado.pb -notrace -source clk_wizard.tcl


****** Vivado v2019.2 (64-bit)
  **** SW Build 2708876 on Wed Nov  6 21:39:14 MST 2019
  **** IP Build 2700528 on Thu Nov  7 00:09:20 MST 2019
    ** Copyright 1986-2019 Xilinx, Inc. All Rights Reserved.

source clk_wizard.tcl -notrace
Command: synth_design -top clk_wizard -part xc7z020clg484-1 -mode out_of_context
Starting synth_design
Attempting to get a license for feature 'Synthesis' and/or device 'xc7z020'
INFO: [Common 17-349] Got license for feature 'Synthesis' and/or device 'xc7z020'
INFO: [Device 21-403] Loading part xc7z020clg484-1
INFO: Launching helper process for spawning children vivado processes
INFO: Helper process launched with PID 6484 
---------------------------------------------------------------------------------
Starting RTL Elaboration : Time (s): cpu = 00:00:03 ; elapsed = 00:00:04 . Memory (MB): peak = 1989.906 ; gain = 201.480 ; free physical = 4353 ; free virtual = 42493
---------------------------------------------------------------------------------
INFO: [Synth 8-6157] synthesizing module 'clk_wizard' [/home/adki/work/seminars/202007_KAIST_NCL/session_03_clock/codes/ex_mmcm_ip/mmcm/vivado.z7/x/clk_wizard/clk_wizard.v:71]
INFO: [Synth 8-6157] synthesizing module 'clk_wizard_clk_wiz' [/home/adki/work/seminars/202007_KAIST_NCL/session_03_clock/codes/ex_mmcm_ip/mmcm/vivado.z7/x/clk_wizard/clk_wizard_clk_wiz.v:69]
INFO: [Synth 8-6157] synthesizing module 'IBUF' [/opt/Xilinx/Vivado/2019.2/scripts/rt/data/unisim_comp.v:32937]
	Parameter CAPACITANCE bound to: DONT_CARE - type: string 
	Parameter IBUF_DELAY_VALUE bound to: 0 - type: string 
	Parameter IBUF_LOW_PWR bound to: TRUE - type: string 
	Parameter IFD_DELAY_VALUE bound to: AUTO - type: string 
	Parameter IOSTANDARD bound to: DEFAULT - type: string 
INFO: [Synth 8-6155] done synthesizing module 'IBUF' (1#1) [/opt/Xilinx/Vivado/2019.2/scripts/rt/data/unisim_comp.v:32937]
INFO: [Synth 8-6157] synthesizing module 'MMCME2_ADV' [/opt/Xilinx/Vivado/2019.2/scripts/rt/data/unisim_comp.v:39940]
	Parameter BANDWIDTH bound to: OPTIMIZED - type: string 
	Parameter CLKFBOUT_MULT_F bound to: 8.000000 - type: double 
	Parameter CLKFBOUT_PHASE bound to: 0.000000 - type: double 
	Parameter CLKFBOUT_USE_FINE_PS bound to: FALSE - type: string 
	Parameter CLKIN1_PERIOD bound to: 10.000000 - type: double 
	Parameter CLKIN2_PERIOD bound to: 0.000000 - type: double 
	Parameter CLKOUT0_DIVIDE_F bound to: 8.000000 - type: double 
	Parameter CLKOUT0_DUTY_CYCLE bound to: 0.500000 - type: double 
	Parameter CLKOUT0_PHASE bound to: 0.000000 - type: double 
	Parameter CLKOUT0_USE_FINE_PS bound to: FALSE - type: string 
	Parameter CLKOUT1_DIVIDE bound to: 10 - type: integer 
	Parameter CLKOUT1_DUTY_CYCLE bound to: 0.500000 - type: double 
	Parameter CLKOUT1_PHASE bound to: 0.000000 - type: double 
	Parameter CLKOUT1_USE_FINE_PS bound to: FALSE - type: string 
	Parameter CLKOUT2_DIVIDE bound to: 1 - type: integer 
	Parameter CLKOUT2_DUTY_CYCLE bound to: 0.500000 - type: double 
	Parameter CLKOUT2_PHASE bound to: 0.000000 - type: double 
	Parameter CLKOUT2_USE_FINE_PS bound to: FALSE - type: string 
	Parameter CLKOUT3_DIVIDE bound to: 1 - type: integer 
	Parameter CLKOUT3_DUTY_CYCLE bound to: 0.500000 - type: double 
	Parameter CLKOUT3_PHASE bound to: 0.000000 - type: double 
	Parameter CLKOUT3_USE_FINE_PS bound to: FALSE - type: string 
	Parameter CLKOUT4_CASCADE bound to: FALSE - type: string 
	Parameter CLKOUT4_DIVIDE bound to: 1 - type: integer 
	Parameter CLKOUT4_DUTY_CYCLE bound to: 0.500000 - type: double 
	Parameter CLKOUT4_PHASE bound to: 0.000000 - type: double 
	Parameter CLKOUT4_USE_FINE_PS bound to: FALSE - type: string 
	Parameter CLKOUT5_DIVIDE bound to: 1 - type: integer 
	Parameter CLKOUT5_DUTY_CYCLE bound to: 0.500000 - type: double 
	Parameter CLKOUT5_PHASE bound to: 0.000000 - type: double 
	Parameter CLKOUT5_USE_FINE_PS bound to: FALSE - type: string 
	Parameter CLKOUT6_DIVIDE bound to: 1 - type: integer 
	Parameter CLKOUT6_DUTY_CYCLE bound to: 0.500000 - type: double 
	Parameter CLKOUT6_PHASE bound to: 0.000000 - type: double 
	Parameter CLKOUT6_USE_FINE_PS bound to: FALSE - type: string 
	Parameter COMPENSATION bound to: ZHOLD - type: string 
	Parameter DIVCLK_DIVIDE bound to: 1 - type: integer 
	Parameter IS_CLKINSEL_INVERTED bound to: 1'b0 
	Parameter IS_PSEN_INVERTED bound to: 1'b0 
	Parameter IS_PSINCDEC_INVERTED bound to: 1'b0 
	Parameter IS_PWRDWN_INVERTED bound to: 1'b0 
	Parameter IS_RST_INVERTED bound to: 1'b0 
	Parameter REF_JITTER1 bound to: 0.010000 - type: double 
	Parameter REF_JITTER2 bound to: 0.010000 - type: double 
	Parameter SS_EN bound to: FALSE - type: string 
	Parameter SS_MODE bound to: CENTER_HIGH - type: string 
	Parameter SS_MOD_PERIOD bound to: 10000 - type: integer 
	Parameter STARTUP_WAIT bound to: FALSE - type: string 
INFO: [Synth 8-6155] done synthesizing module 'MMCME2_ADV' (2#1) [/opt/Xilinx/Vivado/2019.2/scripts/rt/data/unisim_comp.v:39940]
INFO: [Synth 8-6157] synthesizing module 'BUFG' [/opt/Xilinx/Vivado/2019.2/scripts/rt/data/unisim_comp.v:1075]
INFO: [Synth 8-6155] done synthesizing module 'BUFG' (3#1) [/opt/Xilinx/Vivado/2019.2/scripts/rt/data/unisim_comp.v:1075]
INFO: [Synth 8-6155] done synthesizing module 'clk_wizard_clk_wiz' (4#1) [/home/adki/work/seminars/202007_KAIST_NCL/session_03_clock/codes/ex_mmcm_ip/mmcm/vivado.z7/x/clk_wizard/clk_wizard_clk_wiz.v:69]
INFO: [Synth 8-6155] done synthesizing module 'clk_wizard' (5#1) [/home/adki/work/seminars/202007_KAIST_NCL/session_03_clock/codes/ex_mmcm_ip/mmcm/vivado.z7/x/clk_wizard/clk_wizard.v:71]
---------------------------------------------------------------------------------
Finished RTL Elaboration : Time (s): cpu = 00:00:04 ; elapsed = 00:00:06 . Memory (MB): peak = 2052.656 ; gain = 264.230 ; free physical = 4386 ; free virtual = 42527
---------------------------------------------------------------------------------

Report Check Netlist: 
+------+------------------+-------+---------+-------+------------------+
|      |Item              |Errors |Warnings |Status |Description       |
+------+------------------+-------+---------+-------+------------------+
|1     |multi_driven_nets |      0|        0|Passed |Multi driven nets |
+------+------------------+-------+---------+-------+------------------+
---------------------------------------------------------------------------------
Start Handling Custom Attributes
---------------------------------------------------------------------------------
---------------------------------------------------------------------------------
Finished Handling Custom Attributes : Time (s): cpu = 00:00:05 ; elapsed = 00:00:06 . Memory (MB): peak = 2052.656 ; gain = 264.230 ; free physical = 4383 ; free virtual = 42524
---------------------------------------------------------------------------------
---------------------------------------------------------------------------------
Finished RTL Optimization Phase 1 : Time (s): cpu = 00:00:05 ; elapsed = 00:00:06 . Memory (MB): peak = 2052.656 ; gain = 264.230 ; free physical = 4383 ; free virtual = 42524
---------------------------------------------------------------------------------
Netlist sorting complete. Time (s): cpu = 00:00:00 ; elapsed = 00:00:00 . Memory (MB): peak = 2061.562 ; gain = 0.000 ; free physical = 4375 ; free virtual = 42516
INFO: [Netlist 29-17] Analyzing 1 Unisim elements for replacement
INFO: [Netlist 29-28] Unisim Transformation completed in 0 CPU seconds
INFO: [Project 1-570] Preparing netlist for logic optimization

Processing XDC Constraints
Initializing timing engine
Parsing XDC File [/home/adki/work/seminars/202007_KAIST_NCL/session_03_clock/codes/ex_mmcm_ip/mmcm/vivado.z7/x/clk_wizard/clk_wizard_ooc.xdc] for cell 'inst'
Finished Parsing XDC File [/home/adki/work/seminars/202007_KAIST_NCL/session_03_clock/codes/ex_mmcm_ip/mmcm/vivado.z7/x/clk_wizard/clk_wizard_ooc.xdc] for cell 'inst'
Parsing XDC File [/home/adki/work/seminars/202007_KAIST_NCL/session_03_clock/codes/ex_mmcm_ip/mmcm/vivado.z7/x/clk_wizard/clk_wizard_board.xdc] for cell 'inst'
Finished Parsing XDC File [/home/adki/work/seminars/202007_KAIST_NCL/session_03_clock/codes/ex_mmcm_ip/mmcm/vivado.z7/x/clk_wizard/clk_wizard_board.xdc] for cell 'inst'
Parsing XDC File [/home/adki/work/seminars/202007_KAIST_NCL/session_03_clock/codes/ex_mmcm_ip/mmcm/vivado.z7/x/clk_wizard/clk_wizard.xdc] for cell 'inst'
Finished Parsing XDC File [/home/adki/work/seminars/202007_KAIST_NCL/session_03_clock/codes/ex_mmcm_ip/mmcm/vivado.z7/x/clk_wizard/clk_wizard.xdc] for cell 'inst'
INFO: [Project 1-236] Implementation specific constraints were found while reading constraint file [/home/adki/work/seminars/202007_KAIST_NCL/session_03_clock/codes/ex_mmcm_ip/mmcm/vivado.z7/x/clk_wizard/clk_wizard.xdc]. These constraints will be ignored for synthesis but will be used in implementation. Impacted constraints are listed in the file [.Xil/clk_wizard_propImpl.xdc].
Resolution: To avoid this warning, move constraints listed in [.Xil/clk_wizard_propImpl.xdc] to another XDC file and exclude this new file from synthesis with the used_in_synthesis property (File Properties dialog in GUI) and re-run elaboration/synthesis.
INFO: [Timing 38-2] Deriving generated clocks
Parsing XDC File [/home/adki/work/seminars/202007_KAIST_NCL/session_03_clock/codes/ex_mmcm_ip/mmcm/vivado.z7/x/managed_ip_project/managed_ip_project.runs/clk_wizard_synth_1/dont_touch.xdc]
Finished Parsing XDC File [/home/adki/work/seminars/202007_KAIST_NCL/session_03_clock/codes/ex_mmcm_ip/mmcm/vivado.z7/x/managed_ip_project/managed_ip_project.runs/clk_wizard_synth_1/dont_touch.xdc]
Completed Processing XDC Constraints

Netlist sorting complete. Time (s): cpu = 00:00:00 ; elapsed = 00:00:00 . Memory (MB): peak = 2137.469 ; gain = 0.000 ; free physical = 4292 ; free virtual = 42435
INFO: [Project 1-111] Unisim Transformation Summary:
No Unisim elements were transformed.

Constraint Validation Runtime : Time (s): cpu = 00:00:00.01 ; elapsed = 00:00:00.03 . Memory (MB): peak = 2137.469 ; gain = 0.000 ; free physical = 4292 ; free virtual = 42435
---------------------------------------------------------------------------------
Finished Constraint Validation : Time (s): cpu = 00:00:10 ; elapsed = 00:00:13 . Memory (MB): peak = 2137.469 ; gain = 349.043 ; free physical = 4353 ; free virtual = 42500
---------------------------------------------------------------------------------
---------------------------------------------------------------------------------
Start Loading Part and Timing Information
---------------------------------------------------------------------------------
Loading part: xc7z020clg484-1
---------------------------------------------------------------------------------
Finished Loading Part and Timing Information : Time (s): cpu = 00:00:10 ; elapsed = 00:00:13 . Memory (MB): peak = 2137.469 ; gain = 349.043 ; free physical = 4353 ; free virtual = 42500
---------------------------------------------------------------------------------
---------------------------------------------------------------------------------
Start Applying 'set_property' XDC Constraints
---------------------------------------------------------------------------------
Applied set_property DONT_TOUCH = true for inst. (constraint file  /home/adki/work/seminars/202007_KAIST_NCL/session_03_clock/codes/ex_mmcm_ip/mmcm/vivado.z7/x/managed_ip_project/managed_ip_project.runs/clk_wizard_synth_1/dont_touch.xdc, line 9).
---------------------------------------------------------------------------------
Finished applying 'set_property' XDC Constraints : Time (s): cpu = 00:00:10 ; elapsed = 00:00:13 . Memory (MB): peak = 2137.469 ; gain = 349.043 ; free physical = 4353 ; free virtual = 42500
---------------------------------------------------------------------------------
---------------------------------------------------------------------------------
Finished RTL Optimization Phase 2 : Time (s): cpu = 00:00:10 ; elapsed = 00:00:13 . Memory (MB): peak = 2137.469 ; gain = 349.043 ; free physical = 4354 ; free virtual = 42501
---------------------------------------------------------------------------------

Report RTL Partitions: 
+-+--------------+------------+----------+
| |RTL Partition |Replication |Instances |
+-+--------------+------------+----------+
+-+--------------+------------+----------+
---------------------------------------------------------------------------------
Start RTL Component Statistics 
---------------------------------------------------------------------------------
Detailed RTL Component Info : 
---------------------------------------------------------------------------------
Finished RTL Component Statistics 
---------------------------------------------------------------------------------
---------------------------------------------------------------------------------
Start RTL Hierarchical Component Statistics 
---------------------------------------------------------------------------------
Hierarchical RTL Component report 
---------------------------------------------------------------------------------
Finished RTL Hierarchical Component Statistics
---------------------------------------------------------------------------------
---------------------------------------------------------------------------------
Start Part Resource Summary
---------------------------------------------------------------------------------
Part Resources:
DSPs: 220 (col length:60)
BRAMs: 280 (col length: RAMB18 60 RAMB36 30)
---------------------------------------------------------------------------------
Finished Part Resource Summary
---------------------------------------------------------------------------------
---------------------------------------------------------------------------------
Start Cross Boundary and Area Optimization
---------------------------------------------------------------------------------
Warning: Parallel synthesis criteria is not met 
---------------------------------------------------------------------------------
Finished Cross Boundary and Area Optimization : Time (s): cpu = 00:00:11 ; elapsed = 00:00:14 . Memory (MB): peak = 2137.469 ; gain = 349.043 ; free physical = 4350 ; free virtual = 42500
---------------------------------------------------------------------------------

Report RTL Partitions: 
+-+--------------+------------+----------+
| |RTL Partition |Replication |Instances |
+-+--------------+------------+----------+
+-+--------------+------------+----------+
---------------------------------------------------------------------------------
Start Applying XDC Timing Constraints
---------------------------------------------------------------------------------
---------------------------------------------------------------------------------
Finished Applying XDC Timing Constraints : Time (s): cpu = 00:00:17 ; elapsed = 00:00:21 . Memory (MB): peak = 2137.469 ; gain = 349.043 ; free physical = 4230 ; free virtual = 42374
---------------------------------------------------------------------------------
---------------------------------------------------------------------------------
Start Timing Optimization
---------------------------------------------------------------------------------
---------------------------------------------------------------------------------
Finished Timing Optimization : Time (s): cpu = 00:00:17 ; elapsed = 00:00:21 . Memory (MB): peak = 2137.469 ; gain = 349.043 ; free physical = 4230 ; free virtual = 42374
---------------------------------------------------------------------------------

Report RTL Partitions: 
+-+--------------+------------+----------+
| |RTL Partition |Replication |Instances |
+-+--------------+------------+----------+
+-+--------------+------------+----------+
---------------------------------------------------------------------------------
Start Technology Mapping
---------------------------------------------------------------------------------
---------------------------------------------------------------------------------
Finished Technology Mapping : Time (s): cpu = 00:00:17 ; elapsed = 00:00:21 . Memory (MB): peak = 2137.469 ; gain = 349.043 ; free physical = 4229 ; free virtual = 42373
---------------------------------------------------------------------------------

Report RTL Partitions: 
+-+--------------+------------+----------+
| |RTL Partition |Replication |Instances |
+-+--------------+------------+----------+
+-+--------------+------------+----------+
---------------------------------------------------------------------------------
Start IO Insertion
---------------------------------------------------------------------------------
---------------------------------------------------------------------------------
Start Flattening Before IO Insertion
---------------------------------------------------------------------------------
---------------------------------------------------------------------------------
Finished Flattening Before IO Insertion
---------------------------------------------------------------------------------
---------------------------------------------------------------------------------
Start Final Netlist Cleanup
---------------------------------------------------------------------------------
---------------------------------------------------------------------------------
Finished Final Netlist Cleanup
---------------------------------------------------------------------------------
---------------------------------------------------------------------------------
Finished IO Insertion : Time (s): cpu = 00:00:20 ; elapsed = 00:00:24 . Memory (MB): peak = 2140.344 ; gain = 351.918 ; free physical = 4229 ; free virtual = 42373
---------------------------------------------------------------------------------
---------------------------------------------------------------------------------
Start Renaming Generated Instances
---------------------------------------------------------------------------------
---------------------------------------------------------------------------------
Finished Renaming Generated Instances : Time (s): cpu = 00:00:20 ; elapsed = 00:00:24 . Memory (MB): peak = 2140.344 ; gain = 351.918 ; free physical = 4229 ; free virtual = 42373
---------------------------------------------------------------------------------

Report RTL Partitions: 
+-+--------------+------------+----------+
| |RTL Partition |Replication |Instances |
+-+--------------+------------+----------+
+-+--------------+------------+----------+

Report Check Netlist: 
+------+------------------+-------+---------+-------+------------------+
|      |Item              |Errors |Warnings |Status |Description       |
+------+------------------+-------+---------+-------+------------------+
|1     |multi_driven_nets |      0|        0|Passed |Multi driven nets |
+------+------------------+-------+---------+-------+------------------+
---------------------------------------------------------------------------------
Start Rebuilding User Hierarchy
---------------------------------------------------------------------------------
---------------------------------------------------------------------------------
Finished Rebuilding User Hierarchy : Time (s): cpu = 00:00:20 ; elapsed = 00:00:24 . Memory (MB): peak = 2140.344 ; gain = 351.918 ; free physical = 4229 ; free virtual = 42373
---------------------------------------------------------------------------------
---------------------------------------------------------------------------------
Start Renaming Generated Ports
---------------------------------------------------------------------------------
---------------------------------------------------------------------------------
Finished Renaming Generated Ports : Time (s): cpu = 00:00:20 ; elapsed = 00:00:24 . Memory (MB): peak = 2140.344 ; gain = 351.918 ; free physical = 4229 ; free virtual = 42373
---------------------------------------------------------------------------------
---------------------------------------------------------------------------------
Start Handling Custom Attributes
---------------------------------------------------------------------------------
---------------------------------------------------------------------------------
Finished Handling Custom Attributes : Time (s): cpu = 00:00:20 ; elapsed = 00:00:24 . Memory (MB): peak = 2140.344 ; gain = 351.918 ; free physical = 4229 ; free virtual = 42373
---------------------------------------------------------------------------------
---------------------------------------------------------------------------------
Start Renaming Generated Nets
---------------------------------------------------------------------------------
---------------------------------------------------------------------------------
Finished Renaming Generated Nets : Time (s): cpu = 00:00:20 ; elapsed = 00:00:24 . Memory (MB): peak = 2140.344 ; gain = 351.918 ; free physical = 4229 ; free virtual = 42373
---------------------------------------------------------------------------------
---------------------------------------------------------------------------------
Start Writing Synthesis Report
---------------------------------------------------------------------------------

Report BlackBoxes: 
+-+--------------+----------+
| |BlackBox name |Instances |
+-+--------------+----------+
+-+--------------+----------+

Report Cell Usage: 
+------+-----------+------+
|      |Cell       |Count |
+------+-----------+------+
|1     |BUFG       |     3|
|2     |MMCME2_ADV |     1|
|3     |IBUF       |     1|
+------+-----------+------+

Report Instance Areas: 
+------+---------+-------------------+------+
|      |Instance |Module             |Cells |
+------+---------+-------------------+------+
|1     |top      |                   |     5|
|2     |  inst   |clk_wizard_clk_wiz |     5|
+------+---------+-------------------+------+
---------------------------------------------------------------------------------
Finished Writing Synthesis Report : Time (s): cpu = 00:00:20 ; elapsed = 00:00:24 . Memory (MB): peak = 2140.344 ; gain = 351.918 ; free physical = 4229 ; free virtual = 42373
---------------------------------------------------------------------------------
Synthesis finished with 0 errors, 0 critical warnings and 0 warnings.
Synthesis Optimization Runtime : Time (s): cpu = 00:00:18 ; elapsed = 00:00:22 . Memory (MB): peak = 2140.344 ; gain = 267.105 ; free physical = 4286 ; free virtual = 42430
Synthesis Optimization Complete : Time (s): cpu = 00:00:20 ; elapsed = 00:00:24 . Memory (MB): peak = 2140.352 ; gain = 351.918 ; free physical = 4286 ; free virtual = 42430
INFO: [Project 1-571] Translating synthesized netlist
Netlist sorting complete. Time (s): cpu = 00:00:00 ; elapsed = 00:00:00 . Memory (MB): peak = 2140.352 ; gain = 0.000 ; free physical = 4281 ; free virtual = 42423
INFO: [Netlist 29-17] Analyzing 1 Unisim elements for replacement
INFO: [Netlist 29-28] Unisim Transformation completed in 0 CPU seconds
INFO: [Project 1-570] Preparing netlist for logic optimization
INFO: [Opt 31-138] Pushed 0 inverter(s) to 0 load pin(s).
Netlist sorting complete. Time (s): cpu = 00:00:00 ; elapsed = 00:00:00 . Memory (MB): peak = 2149.250 ; gain = 0.000 ; free physical = 4299 ; free virtual = 42440
INFO: [Project 1-111] Unisim Transformation Summary:
No Unisim elements were transformed.

INFO: [Common 17-83] Releasing license: Synthesis
25 Infos, 0 Warnings, 0 Critical Warnings and 0 Errors encountered.
synth_design completed successfully
synth_design: Time (s): cpu = 00:00:27 ; elapsed = 00:00:34 . Memory (MB): peak = 2149.250 ; gain = 617.738 ; free physical = 4425 ; free virtual = 42566
Netlist sorting complete. Time (s): cpu = 00:00:00 ; elapsed = 00:00:00 . Memory (MB): peak = 2149.250 ; gain = 0.000 ; free physical = 4425 ; free virtual = 42566
WARNING: [Constraints 18-5210] No constraints selected for write.
Resolution: This message can indicate that there are no constraints for the design, or it can indicate that the used_in flags are set such that the constraints are ignored. This later case is used when running synth_design to not write synthesis constraints to the resulting checkpoint. Instead, project constraints are read when the synthesized design is opened.
INFO: [Common 17-1381] The checkpoint '/home/adki/work/seminars/202007_KAIST_NCL/session_03_clock/codes/ex_mmcm_ip/mmcm/vivado.z7/x/managed_ip_project/managed_ip_project.runs/clk_wizard_synth_1/clk_wizard.dcp' has been generated.
WARNING: [Common 17-576] 'use_project_ipc' is deprecated. This option is deprecated and no longer used.
INFO: [Coretcl 2-1648] Added synthesis output to IP cache for IP clk_wizard, cache-ID = 0c2f7a0023a48444
Netlist sorting complete. Time (s): cpu = 00:00:00 ; elapsed = 00:00:00 . Memory (MB): peak = 2149.250 ; gain = 0.000 ; free physical = 4429 ; free virtual = 42567
WARNING: [Constraints 18-5210] No constraints selected for write.
Resolution: This message can indicate that there are no constraints for the design, or it can indicate that the used_in flags are set such that the constraints are ignored. This later case is used when running synth_design to not write synthesis constraints to the resulting checkpoint. Instead, project constraints are read when the synthesized design is opened.
INFO: [Common 17-1381] The checkpoint '/home/adki/work/seminars/202007_KAIST_NCL/session_03_clock/codes/ex_mmcm_ip/mmcm/vivado.z7/x/managed_ip_project/managed_ip_project.runs/clk_wizard_synth_1/clk_wizard.dcp' has been generated.
INFO: [runtcl-4] Executing : report_utilization -file clk_wizard_utilization_synth.rpt -pb clk_wizard_utilization_synth.pb
INFO: [Common 17-206] Exiting Vivado at Wed Jul 15 12:21:24 2020...
